\BOOKMARK [0][]{section*.2}{\376\377\000A\000b\000b\000i\000l\000d\000u\000n\000g\000s\000v\000e\000r\000z\000e\000i\000c\000h\000n\000i\000s}{}% 1
\BOOKMARK [0][]{section*.5}{\376\377\000T\000a\000b\000e\000l\000l\000e\000n\000v\000e\000r\000z\000e\000i\000c\000h\000n\000i\000s}{}% 2
\BOOKMARK [0][]{chapter.1}{\376\377\0001\000\040\000E\000i\000n\000l\000e\000i\000t\000u\000n\000g}{}% 3
\BOOKMARK [1][]{section.1.1}{\376\377\0001\000.\0001\000\040\000P\000r\000o\000b\000l\000e\000m\000s\000t\000e\000l\000l\000u\000n\000g\000\040\000u\000n\000d\000\040\000M\000o\000t\000i\000v\000a\000t\000i\000o\000n}{chapter.1}% 4
\BOOKMARK [1][]{section.1.2}{\376\377\0001\000.\0002\000\040\000Z\000i\000e\000l\000d\000e\000f\000i\000n\000i\000t\000i\000o\000n\000\040\000u\000n\000d\000\040\000V\000o\000r\000g\000e\000h\000e\000n\000s\000w\000e\000i\000s\000e}{chapter.1}% 5
\BOOKMARK [0][]{chapter.2}{\376\377\0002\000\040\000S\000p\000e\000i\000c\000h\000e\000r\000s\000y\000s\000t\000e\000m\000e}{}% 6
\BOOKMARK [1][]{section.2.1}{\376\377\0002\000.\0001\000\040\000A\000r\000t\000e\000n\000\040\000v\000o\000n\000\040\000S\000p\000e\000i\000c\000h\000e\000r\000s\000y\000s\000t\000e\000m\000e\000n}{chapter.2}% 7
\BOOKMARK [2][]{subsection.2.1.1}{\376\377\0002\000.\0001\000.\0001\000\040\000F\000i\000l\000e\000\040\000S\000t\000o\000r\000a\000g\000e}{section.2.1}% 8
\BOOKMARK [2][]{subsection.2.1.2}{\376\377\0002\000.\0001\000.\0002\000\040\000B\000l\000o\000c\000k\000\040\000S\000t\000o\000r\000a\000g\000e}{section.2.1}% 9
\BOOKMARK [2][]{subsection.2.1.3}{\376\377\0002\000.\0001\000.\0003\000\040\000O\000b\000j\000e\000c\000t\000\040\000S\000t\000o\000r\000a\000g\000e}{section.2.1}% 10
\BOOKMARK [1][]{section.2.2}{\376\377\0002\000.\0002\000\040\000A\000k\000t\000u\000e\000l\000l\000e\000\040\000S\000p\000e\000i\000c\000h\000e\000r\000t\000e\000c\000h\000n\000o\000l\000o\000g\000i\000e\000n\000\040\000i\000m\000\040\000M\000a\000r\000k\000t}{chapter.2}% 11
\BOOKMARK [2][]{subsection.2.2.1}{\376\377\0002\000.\0002\000.\0001\000\040\000E\000i\000g\000e\000n\000s\000c\000h\000a\000f\000t\000e\000n}{section.2.2}% 12
\BOOKMARK [3][]{subsubsection.2.2.1.1}{\376\377\0002\000.\0002\000.\0001\000.\0001\000\040\000S\000i\000c\000h\000e\000r\000e\000\040\000S\000p\000e\000i\000c\000h\000e\000r\000u\000n\000g}{subsection.2.2.1}% 13
\BOOKMARK [3][]{subsubsection.2.2.1.2}{\376\377\0002\000.\0002\000.\0001\000.\0002\000\040\000H\000o\000c\000h\000v\000e\000r\000f\000\374\000g\000b\000a\000r\000k\000e\000i\000t}{subsection.2.2.1}% 14
\BOOKMARK [3][]{subsubsection.2.2.1.3}{\376\377\0002\000.\0002\000.\0001\000.\0003\000\040\000K\000o\000s\000t\000e\000n}{subsection.2.2.1}% 15
\BOOKMARK [3][]{subsubsection.2.2.1.4}{\376\377\0002\000.\0002\000.\0001\000.\0004\000\040\000P\000e\000r\000f\000o\000r\000m\000a\000n\000c\000e}{subsection.2.2.1}% 16
\BOOKMARK [3][]{subsubsection.2.2.1.5}{\376\377\0002\000.\0002\000.\0001\000.\0005\000\040\000A\000P\000I\000\040\000A\000n\000b\000i\000n\000d\000u\000n\000g}{subsection.2.2.1}% 17
\BOOKMARK [2][]{subsection.2.2.2}{\376\377\0002\000.\0002\000.\0002\000\040\000B\000e\000r\000e\000i\000t\000s\000t\000e\000l\000l\000u\000n\000g\000\040\000d\000e\000r\000\040\000D\000a\000t\000e\000i\000e\000n}{section.2.2}% 18
\BOOKMARK [1][]{section.2.3}{\376\377\0002\000.\0003\000\040\000A\000u\000s\000w\000a\000h\000l\000\040\000d\000e\000s\000\040\000S\000p\000e\000i\000c\000h\000e\000r\000s\000y\000s\000t\000e\000m\000s}{chapter.2}% 19
\BOOKMARK [2][]{subsection.2.3.1}{\376\377\0002\000.\0003\000.\0001\000\040\000K\000o\000s\000t\000e\000n\000a\000n\000a\000l\000y\000s\000e}{section.2.3}% 20
\BOOKMARK [2][]{subsection.2.3.2}{\376\377\0002\000.\0003\000.\0002\000\040\000P\000e\000r\000f\000o\000r\000m\000a\000n\000c\000e\000\040\000A\000n\000a\000l\000y\000s\000e}{section.2.3}% 21
\BOOKMARK [2][]{subsection.2.3.3}{\376\377\0002\000.\0003\000.\0003\000\040\000K\000a\000l\000k\000u\000l\000a\000t\000i\000o\000n\000s\000e\000r\000g\000e\000b\000n\000i\000s\000s\000e}{section.2.3}% 22
\BOOKMARK [0][]{chapter.3}{\376\377\0003\000\040\000P\000r\000o\000t\000o\000t\000y\000p\000i\000s\000c\000h\000e\000\040\000U\000m\000s\000e\000t\000z\000u\000n\000g}{}% 23
\BOOKMARK [1][]{section.3.1}{\376\377\0003\000.\0001\000\040\000\334\000b\000e\000r\000b\000l\000i\000c\000k\000\040\000u\000n\000d\000\040\000V\000o\000r\000g\000e\000h\000e\000n\000s\000w\000e\000i\000s\000e}{chapter.3}% 24
\BOOKMARK [1][]{section.3.2}{\376\377\0003\000.\0002\000\040\000E\000i\000n\000g\000e\000s\000e\000t\000z\000t\000e\000\040\000T\000e\000c\000h\000n\000o\000l\000o\000g\000i\000e\000n}{chapter.3}% 25
\BOOKMARK [1][]{section.3.3}{\376\377\0003\000.\0003\000\040\000S\000p\000e\000i\000c\000h\000e\000r\000u\000n\000g\000\040\000v\000o\000n\000\040\000B\000i\000n\000\344\000r\000d\000a\000t\000e\000n}{chapter.3}% 26
\BOOKMARK [1][]{section.3.4}{\376\377\0003\000.\0004\000\040\000B\000e\000r\000e\000i\000t\000s\000t\000e\000l\000l\000u\000n\000g\000\040\000d\000e\000r\000\040\000B\000i\000n\000\344\000r\000d\000a\000t\000e\000n}{chapter.3}% 27
\BOOKMARK [1][]{section.3.5}{\376\377\0003\000.\0005\000\040\000M\000e\000s\000s\000u\000n\000g\000\040\000d\000e\000r\000\040\000P\000e\000r\000f\000o\000r\000m\000a\000n\000c\000e\000\040\000a\000u\000f\000\040\000T\000e\000s\000t\000d\000a\000t\000e\000n}{chapter.3}% 28
\BOOKMARK [2][]{subsection.3.5.1}{\376\377\0003\000.\0005\000.\0001\000\040\000M\000e\000s\000s\000u\000n\000g\000s\000e\000r\000g\000e\000b\000n\000i\000s\000s\000e}{section.3.5}% 29
\BOOKMARK [1][]{section.3.6}{\376\377\0003\000.\0006\000\040\000Z\000u\000s\000a\000m\000m\000e\000n\000f\000a\000s\000s\000u\000n\000g\000\040\000d\000e\000r\000\040\000I\000m\000p\000l\000e\000m\000e\000n\000t\000i\000e\000r\000u\000n\000g}{chapter.3}% 30
\BOOKMARK [0][]{chapter.4}{\376\377\0004\000\040\000E\000r\000g\000e\000b\000n\000i\000s\000s\000e\000\040\000d\000i\000e\000s\000e\000r\000\040\000A\000r\000b\000e\000i\000t}{}% 31
\BOOKMARK [1][]{section.4.1}{\376\377\0004\000.\0001\000\040\000B\000e\000s\000c\000h\000r\000e\000i\000b\000u\000n\000g\000\040\000u\000n\000d\000\040\000F\000u\000n\000k\000t\000i\000o\000n\000a\000l\000i\000t\000\344\000t\000\040\000d\000e\000s\000\040\000P\000r\000o\000t\000o\000t\000y\000p\000s}{chapter.4}% 32
\BOOKMARK [1][]{section.4.2}{\376\377\0004\000.\0002\000\040\000Z\000u\000s\000a\000m\000m\000e\000n\000f\000a\000s\000s\000u\000n\000g\000\040\000d\000e\000r\000\040\000E\000r\000g\000e\000b\000n\000i\000s\000s\000e}{chapter.4}% 33
\BOOKMARK [2][]{subsection.4.2.1}{\376\377\0004\000.\0002\000.\0001\000\040\000K\000a\000l\000k\000u\000l\000a\000t\000i\000o\000n\000s\000e\000r\000g\000e\000b\000n\000i\000s\000s\000e}{section.4.2}% 34
\BOOKMARK [2][]{subsection.4.2.2}{\376\377\0004\000.\0002\000.\0002\000\040\000M\000e\000s\000s\000u\000n\000g\000s\000e\000r\000g\000e\000b\000n\000i\000s\000s\000e}{section.4.2}% 35
\BOOKMARK [0][]{chapter.5}{\376\377\0005\000\040\000D\000i\000s\000k\000u\000s\000s\000i\000o\000n}{}% 36
\BOOKMARK [1][]{section.5.1}{\376\377\0005\000.\0001\000\040\000A\000n\000a\000l\000y\000s\000e\000\040\000u\000n\000d\000\040\000I\000n\000t\000e\000r\000p\000r\000e\000t\000a\000t\000i\000o\000n\000\040\000d\000e\000r\000\040\000E\000r\000g\000e\000b\000n\000i\000s\000s\000e}{chapter.5}% 37
\BOOKMARK [1][]{section.5.2}{\376\377\0005\000.\0002\000\040\000B\000e\000w\000e\000r\000t\000u\000n\000g\000\040\000d\000e\000s\000\040\000P\000r\000o\000t\000o\000t\000y\000p\000s}{chapter.5}% 38
\BOOKMARK [0][]{chapter.6}{\376\377\0006\000\040\000F\000a\000z\000i\000t}{}% 39
\BOOKMARK [1][]{section.6.1}{\376\377\0006\000.\0001\000\040\000Z\000u\000s\000a\000m\000m\000e\000n\000f\000a\000s\000s\000u\000n\000g\000\040\000d\000e\000r\000\040\000E\000r\000g\000e\000b\000n\000i\000s\000s\000e}{chapter.6}% 40
\BOOKMARK [1][]{section.6.2}{\376\377\0006\000.\0002\000\040\000B\000e\000a\000n\000t\000w\000o\000r\000t\000u\000n\000g\000\040\000d\000e\000r\000\040\000F\000o\000r\000s\000c\000h\000u\000n\000g\000s\000f\000r\000a\000g\000e}{chapter.6}% 41
\BOOKMARK [1][]{section.6.3}{\376\377\0006\000.\0003\000\040\000P\000o\000t\000e\000n\000z\000i\000e\000l\000l\000e\000\040\000A\000n\000w\000e\000n\000d\000u\000n\000g\000\040\000d\000e\000s\000\040\000P\000r\000o\000t\000o\000t\000y\000p\000s}{chapter.6}% 42
\BOOKMARK [0][]{chapter.7}{\376\377\0007\000\040\000D\000a\000n\000k\000s\000a\000g\000u\000n\000g}{}% 43
\BOOKMARK [0][]{chapter.8}{\376\377\0008\000\040\000L\000i\000t\000e\000r\000a\000t\000u\000r\000v\000e\000r\000z\000e\000i\000c\000h\000n\000i\000s}{}% 44
\BOOKMARK [0][]{chapter.9}{\376\377\0009\000\040\000A\000n\000h\000a\000n\000g}{}% 45
\BOOKMARK [1][]{section.9.1}{\376\377\0009\000.\0001\000\040\000P\000r\000o\000t\000o\000t\000y\000p}{chapter.9}% 46
\BOOKMARK [2][]{subsection.9.1.1}{\376\377\0009\000.\0001\000.\0001\000\040\000G\000i\000t\000h\000u\000b\000\040\000L\000i\000n\000k}{section.9.1}% 47
\BOOKMARK [2][]{subsection.9.1.2}{\376\377\0009\000.\0001\000.\0002\000\040\000D\000o\000k\000u\000m\000e\000n\000t\000a\000t\000i\000o\000n}{section.9.1}% 48
\BOOKMARK [2][]{subsection.9.1.3}{\376\377\0009\000.\0001\000.\0003\000\040\000C\000o\000d\000e\000\040\000S\000n\000i\000p\000p\000e\000t\000s}{section.9.1}% 49
